2020-12-17 00:07:35,348 [INFO] Activator:178 - 


2020-12-17 00:07:35,352 [INFO] Activator:179 - !SESSION log4j initialized
2020-12-17 00:07:36,515 [ERROR] LogOutputStream:74 - [STDERR_REDIRECT] 
2020-12-17 00:08:01,784 [INFO] ApplicationProperties:181 - Using Application install path: /Applications/STM32CubeIDE.app/Contents/Eclipse/plugins/com.st.stm32cube.common.mx_6.0.0.202007160824
2020-12-17 00:08:01,805 [INFO] DbMcusXml:70 - Set database path to: /Applications/STM32CubeIDE.app/Contents/Eclipse/plugins/com.st.stm32cube.common.mx_6.0.0.202007160824//db//mcu/
2020-12-17 00:08:01,810 [INFO] DbBoardsPdsc:56 - Set plugin database path to: /Applications/STM32CubeIDE.app/Contents/Eclipse/plugins/com.st.stm32cube.common.mx_6.0.0.202007160824//db//plugins/boardmanager/
2020-12-17 00:08:01,810 [INFO] DbMcus:258 - Set plugin images path to: /Applications/STM32CubeIDE.app/Contents/Eclipse/plugins/com.st.stm32cube.common.mx_6.0.0.202007160824//db//plugins/mcufinder/images/
2020-12-17 00:08:01,810 [INFO] DbBoards:264 - Set plugin images path to: /Applications/STM32CubeIDE.app/Contents/Eclipse/plugins/com.st.stm32cube.common.mx_6.0.0.202007160824//db//plugins/mcufinder/images/
2020-12-17 00:08:01,814 [INFO] DbExamples:326 - Set plugin images path to: /Applications/STM32CubeIDE.app/Contents/Eclipse/plugins/com.st.stm32cube.common.mx_6.0.0.202007160824//db//plugins/mcufinder/images/
2020-12-17 00:08:01,822 [INFO] DbMcusDocs:112 - Set database path to: /Users/adityasehgal/.stmcufinder/plugins/mcufinder//mcu/
2020-12-17 00:08:01,825 [INFO] DbMcusJson:63 - Set database path to: /Users/adityasehgal/.stmcufinder/plugins/mcufinder//mcu/
2020-12-17 00:08:01,827 [INFO] DbBoardsDocs:112 - Set database path to: /Users/adityasehgal/.stmcufinder/plugins/mcufinder//mcu/
2020-12-17 00:08:01,829 [INFO] DbBoardsJson:56 - Set database path to: /Users/adityasehgal/.stmcufinder/plugins/mcufinder//mcu/
2020-12-17 00:08:01,835 [INFO] CrossReferenceDbSqlite:196 - Set database path to: /Users/adityasehgal/.stmcufinder/plugins/mcufinder//mcu/cs/
2020-12-17 00:08:01,839 [INFO] DbExamplesSqlite:800 - Set database path to: /Users/adityasehgal/.stmcufinder/plugins/mcufinder//mcu/
2020-12-17 00:08:01,961 [INFO] RulesReader:52 - Compatibility file has been processed (209 Rules)
2020-12-17 00:08:02,055 [INFO] MicroXplorer:564 - Detected Java Version = 1.8.0_252
2020-12-17 00:08:02,056 [INFO] DbMcusXml:70 - Set database path to: /Applications/STM32CubeIDE.app/Contents/Eclipse/plugins/com.st.stm32cube.common.mx_6.0.0.202007160824//db//mcu/
2020-12-17 00:08:02,056 [INFO] DbBoardsPdsc:56 - Set plugin database path to: /Applications/STM32CubeIDE.app/Contents/Eclipse/plugins/com.st.stm32cube.common.mx_6.0.0.202007160824//db//plugins/boardmanager/
2020-12-17 00:08:02,057 [INFO] DbMcus:258 - Set plugin images path to: /Applications/STM32CubeIDE.app/Contents/Eclipse/plugins/com.st.stm32cube.common.mx_6.0.0.202007160824//db//plugins/mcufinder/images/
2020-12-17 00:08:02,057 [INFO] DbBoards:264 - Set plugin images path to: /Applications/STM32CubeIDE.app/Contents/Eclipse/plugins/com.st.stm32cube.common.mx_6.0.0.202007160824//db//plugins/mcufinder/images/
2020-12-17 00:08:02,057 [INFO] DbExamples:326 - Set plugin images path to: /Applications/STM32CubeIDE.app/Contents/Eclipse/plugins/com.st.stm32cube.common.mx_6.0.0.202007160824//db//plugins/mcufinder/images/
2020-12-17 00:08:02,057 [WARN] DbFile:36 - Overriding database path with different value: /Users/adityasehgal/.stmcufinder/plugins/mcufinder/ => /Users/adityasehgal/.stmcufinder/plugins/mcufinder
2020-12-17 00:08:02,058 [INFO] DbMcusDocs:112 - Set database path to: /Users/adityasehgal/.stmcufinder/plugins/mcufinder//mcu/
2020-12-17 00:08:02,058 [WARN] DbFile:36 - Overriding database path with different value: /Users/adityasehgal/.stmcufinder/plugins/mcufinder/ => /Users/adityasehgal/.stmcufinder/plugins/mcufinder
2020-12-17 00:08:02,058 [INFO] DbMcusJson:63 - Set database path to: /Users/adityasehgal/.stmcufinder/plugins/mcufinder//mcu/
2020-12-17 00:08:02,058 [WARN] DbFile:36 - Overriding database path with different value: /Users/adityasehgal/.stmcufinder/plugins/mcufinder/ => /Users/adityasehgal/.stmcufinder/plugins/mcufinder
2020-12-17 00:08:02,058 [INFO] DbBoardsDocs:112 - Set database path to: /Users/adityasehgal/.stmcufinder/plugins/mcufinder//mcu/
2020-12-17 00:08:02,058 [WARN] DbFile:36 - Overriding database path with different value: /Users/adityasehgal/.stmcufinder/plugins/mcufinder/ => /Users/adityasehgal/.stmcufinder/plugins/mcufinder
2020-12-17 00:08:02,058 [INFO] DbBoardsJson:56 - Set database path to: /Users/adityasehgal/.stmcufinder/plugins/mcufinder//mcu/
2020-12-17 00:08:02,059 [WARN] DbFile:36 - Overriding database path with different value: /Users/adityasehgal/.stmcufinder/plugins/mcufinder/ => /Users/adityasehgal/.stmcufinder/plugins/mcufinder
2020-12-17 00:08:02,059 [WARN] DbFile:36 - Overriding database path with different value: /Users/adityasehgal/.stmcufinder/plugins/mcufinder/ => /Users/adityasehgal/.stmcufinder/plugins/mcufinder
2020-12-17 00:08:02,059 [INFO] CrossReferenceDbSqlite:196 - Set database path to: /Users/adityasehgal/.stmcufinder/plugins/mcufinder//mcu/cs/
2020-12-17 00:08:02,059 [WARN] DbFile:36 - Overriding database path with different value: /Users/adityasehgal/.stmcufinder/plugins/mcufinder/ => /Users/adityasehgal/.stmcufinder/plugins/mcufinder
2020-12-17 00:08:02,059 [INFO] DbExamplesSqlite:800 - Set database path to: /Users/adityasehgal/.stmcufinder/plugins/mcufinder//mcu/
2020-12-17 00:08:02,151 [INFO] MainPanel:189 - HeapMemory: 349175808
2020-12-17 00:08:02,248 [INFO] DbMcusXml:70 - Set database path to: /Applications/STM32CubeIDE.app/Contents/Eclipse/plugins/com.st.stm32cube.common.mx_6.0.0.202007160824//db//mcu/
2020-12-17 00:08:02,248 [INFO] DbBoardsPdsc:56 - Set plugin database path to: /Applications/STM32CubeIDE.app/Contents/Eclipse/plugins/com.st.stm32cube.common.mx_6.0.0.202007160824//db//plugins/boardmanager/
2020-12-17 00:08:02,248 [INFO] DbMcus:258 - Set plugin images path to: /Applications/STM32CubeIDE.app/Contents/Eclipse/plugins/com.st.stm32cube.common.mx_6.0.0.202007160824//db//plugins/mcufinder/images/
2020-12-17 00:08:02,249 [INFO] DbBoards:264 - Set plugin images path to: /Applications/STM32CubeIDE.app/Contents/Eclipse/plugins/com.st.stm32cube.common.mx_6.0.0.202007160824//db//plugins/mcufinder/images/
2020-12-17 00:08:02,249 [INFO] DbExamples:326 - Set plugin images path to: /Applications/STM32CubeIDE.app/Contents/Eclipse/plugins/com.st.stm32cube.common.mx_6.0.0.202007160824//db//plugins/mcufinder/images/
2020-12-17 00:08:02,249 [WARN] DbFile:36 - Overriding database path with different value: /Users/adityasehgal/.stmcufinder/plugins/mcufinder/ => /Users/adityasehgal/.stmcufinder/plugins/mcufinder
2020-12-17 00:08:02,250 [INFO] DbMcusDocs:112 - Set database path to: /Users/adityasehgal/.stmcufinder/plugins/mcufinder//mcu/
2020-12-17 00:08:02,250 [WARN] DbFile:36 - Overriding database path with different value: /Users/adityasehgal/.stmcufinder/plugins/mcufinder/ => /Users/adityasehgal/.stmcufinder/plugins/mcufinder
2020-12-17 00:08:02,250 [INFO] DbMcusJson:63 - Set database path to: /Users/adityasehgal/.stmcufinder/plugins/mcufinder//mcu/
2020-12-17 00:08:02,250 [WARN] DbFile:36 - Overriding database path with different value: /Users/adityasehgal/.stmcufinder/plugins/mcufinder/ => /Users/adityasehgal/.stmcufinder/plugins/mcufinder
2020-12-17 00:08:02,250 [INFO] DbBoardsDocs:112 - Set database path to: /Users/adityasehgal/.stmcufinder/plugins/mcufinder//mcu/
2020-12-17 00:08:02,250 [WARN] DbFile:36 - Overriding database path with different value: /Users/adityasehgal/.stmcufinder/plugins/mcufinder/ => /Users/adityasehgal/.stmcufinder/plugins/mcufinder
2020-12-17 00:08:02,250 [INFO] DbBoardsJson:56 - Set database path to: /Users/adityasehgal/.stmcufinder/plugins/mcufinder//mcu/
2020-12-17 00:08:02,251 [WARN] DbFile:36 - Overriding database path with different value: /Users/adityasehgal/.stmcufinder/plugins/mcufinder/ => /Users/adityasehgal/.stmcufinder/plugins/mcufinder
2020-12-17 00:08:02,251 [WARN] DbFile:36 - Overriding database path with different value: /Users/adityasehgal/.stmcufinder/plugins/mcufinder/ => /Users/adityasehgal/.stmcufinder/plugins/mcufinder
2020-12-17 00:08:02,251 [INFO] CrossReferenceDbSqlite:196 - Set database path to: /Users/adityasehgal/.stmcufinder/plugins/mcufinder//mcu/cs/
2020-12-17 00:08:02,251 [WARN] DbFile:36 - Overriding database path with different value: /Users/adityasehgal/.stmcufinder/plugins/mcufinder/ => /Users/adityasehgal/.stmcufinder/plugins/mcufinder
2020-12-17 00:08:02,251 [INFO] DbExamplesSqlite:800 - Set database path to: /Users/adityasehgal/.stmcufinder/plugins/mcufinder//mcu/
2020-12-17 00:08:02,270 [INFO] ApplicationProperties:181 - Using Application install path: /Applications/STM32CubeIDE.app/Contents/Eclipse/plugins/com.st.stm32cube.common.mx_6.0.0.202007160824
2020-12-17 00:08:02,272 [INFO] PluginManage:178 - Search for loadable plugins [exclusion list=, ]
2020-12-17 00:08:02,274 [INFO] PluginManage:292 - Check plugin analytics
2020-12-17 00:08:02,474 [INFO] AnalyticsPlugin:203 - Accepted Software Licenses: 
2020-12-17 00:08:02,475 [INFO] AnalyticsPlugin:205 - Accepted CMSIS Pack Licenses: 
2020-12-17 00:08:02,475 [INFO] AnalyticsPlugin:207 - Accepted Firmware Licenses: 
2020-12-17 00:08:02,476 [INFO] PluginManage:342 - Loaded plugin analytics (category:tool,tabindex:-1)
2020-12-17 00:08:02,477 [INFO] PluginManage:292 - Check plugin clock
2020-12-17 00:08:02,495 [INFO] PluginManage:342 - Loaded plugin clock (category:base,tabindex:2)
2020-12-17 00:08:02,495 [INFO] PluginManage:292 - Check plugin ddr
2020-12-17 00:08:02,499 [INFO] PluginManage:342 - Loaded plugin ddr (category:tool,tabindex:6)
2020-12-17 00:08:02,499 [INFO] PluginManage:292 - Check plugin filemanager
2020-12-17 00:08:02,656 [INFO] PluginManage:342 - Loaded plugin filemanager (category:base,tabindex:10)
2020-12-17 00:08:02,656 [INFO] PluginManage:292 - Check plugin ipmanager
2020-12-17 00:08:02,666 [INFO] PluginManage:342 - Loaded plugin ipmanager (category:base,tabindex:5)
2020-12-17 00:08:02,667 [INFO] PluginManage:292 - Check plugin pinoutandconfiguration
2020-12-17 00:08:02,680 [INFO] PluginManage:342 - Loaded plugin pinoutandconfiguration (category:base,tabindex:1)
2020-12-17 00:08:02,681 [INFO] PluginManage:292 - Check plugin pinoutconfig
2020-12-17 00:08:02,715 [INFO] PluginManage:342 - Loaded plugin pinoutconfig (category:base,tabindex:0)
2020-12-17 00:08:02,715 [INFO] PluginManage:292 - Check plugin power
2020-12-17 00:08:02,732 [INFO] PluginManage:342 - Loaded plugin power (category:power,tabindex:4)
2020-12-17 00:08:02,733 [INFO] PluginManage:292 - Check plugin projectmanager
2020-12-17 00:08:02,749 [INFO] PluginManage:342 - Loaded plugin projectmanager (category:projectmanager,tabindex:3)
2020-12-17 00:08:02,749 [INFO] PluginManage:292 - Check plugin thirdparty
2020-12-17 00:08:02,855 [INFO] ThirdPartyDb:333 - Open Third Party DataBase File (/Users/adityasehgal/.stm32cubemx/plugins/thirdparty/db/thirdparties_db.xml) : 38 ms. number of Sw pack : 31
2020-12-17 00:08:02,861 [INFO] PluginManage:342 - Loaded plugin thirdparty (category:base,tabindex:-1)
2020-12-17 00:08:02,861 [INFO] PluginManage:292 - Check plugin tools
2020-12-17 00:08:02,864 [INFO] PluginManage:342 - Loaded plugin tools (category:base,tabindex:7)
2020-12-17 00:08:02,865 [INFO] PluginManage:292 - Check plugin tutovideos
2020-12-17 00:08:03,120 [INFO] PluginManage:342 - Loaded plugin tutovideos (category:base,tabindex:-1)
2020-12-17 00:08:03,121 [INFO] PluginManage:292 - Check plugin updater
2020-12-17 00:08:03,137 [INFO] PluginManage:342 - Loaded plugin updater (category:base,tabindex:12)
2020-12-17 00:08:03,137 [INFO] PluginManage:265 - PluginManage : Loaded plugins [13]
2020-12-17 00:08:05,051 [INFO] PinOutPanel:1418 - setPackage(No Configuration,No Configuration)
2020-12-17 00:08:05,144 [INFO] IPUIPlugin:64 - create IPUIPlugin
2020-12-17 00:08:05,145 [INFO] PluginManager:200 - loadIPPluginJar : add mdma
2020-12-17 00:08:05,157 [INFO] IPUIPlugin:64 - create IPUIPlugin
2020-12-17 00:08:05,158 [INFO] PluginManager:200 - loadIPPluginJar : add freertos
2020-12-17 00:08:05,165 [INFO] IPUIPlugin:64 - create IPUIPlugin
2020-12-17 00:08:05,166 [INFO] PluginManager:200 - loadIPPluginJar : add gic
2020-12-17 00:08:05,179 [INFO] IPUIPlugin:64 - create IPUIPlugin
2020-12-17 00:08:05,180 [INFO] PluginManager:200 - loadIPPluginJar : add adc
2020-12-17 00:08:05,184 [INFO] IPUIPlugin:64 - create IPUIPlugin
2020-12-17 00:08:05,185 [INFO] PluginManager:200 - loadIPPluginJar : add gtzc
2020-12-17 00:08:05,187 [INFO] IPUIPlugin:64 - create IPUIPlugin
2020-12-17 00:08:05,187 [INFO] PluginManager:200 - loadIPPluginJar : add quadspi
2020-12-17 00:08:05,190 [INFO] IPUIPlugin:64 - create IPUIPlugin
2020-12-17 00:08:05,190 [INFO] PluginManager:200 - loadIPPluginJar : add aes
2020-12-17 00:08:05,194 [INFO] IPUIPlugin:64 - create IPUIPlugin
2020-12-17 00:08:05,195 [INFO] PluginManager:200 - loadIPPluginJar : add pdm2pcm
2020-12-17 00:08:05,197 [INFO] IPUIPlugin:64 - create IPUIPlugin
2020-12-17 00:08:05,198 [INFO] PluginManager:200 - loadIPPluginJar : add hash
2020-12-17 00:08:05,201 [INFO] IPUIPlugin:64 - create IPUIPlugin
2020-12-17 00:08:05,201 [INFO] PluginManager:200 - loadIPPluginJar : add tim
2020-12-17 00:08:05,204 [INFO] IPUIPlugin:64 - create IPUIPlugin
2020-12-17 00:08:05,204 [INFO] PluginManager:200 - loadIPPluginJar : add tsc
2020-12-17 00:08:05,207 [INFO] IPUIPlugin:64 - create IPUIPlugin
2020-12-17 00:08:05,207 [INFO] PluginManager:200 - loadIPPluginJar : add ts
2020-12-17 00:08:05,210 [INFO] IPUIPlugin:64 - create IPUIPlugin
2020-12-17 00:08:05,211 [INFO] PluginManager:200 - loadIPPluginJar : add can
2020-12-17 00:08:05,213 [INFO] IPUIPlugin:64 - create IPUIPlugin
2020-12-17 00:08:05,214 [INFO] PluginManager:200 - loadIPPluginJar : add dfsdm
2020-12-17 00:08:05,217 [INFO] IPUIPlugin:64 - create IPUIPlugin
2020-12-17 00:08:05,217 [INFO] PluginManager:200 - loadIPPluginJar : add spi
2020-12-17 00:08:05,219 [INFO] IPUIPlugin:64 - create IPUIPlugin
2020-12-17 00:08:05,220 [INFO] PluginManager:200 - loadIPPluginJar : add gfxmmu
2020-12-17 00:08:05,221 [INFO] IPUIPlugin:64 - create IPUIPlugin
2020-12-17 00:08:05,221 [INFO] PluginManager:200 - loadIPPluginJar : add genericplugin
2020-12-17 00:08:05,224 [INFO] IPUIPlugin:64 - create IPUIPlugin
2020-12-17 00:08:05,224 [INFO] PluginManager:200 - loadIPPluginJar : add cryp
2020-12-17 00:08:05,229 [INFO] IPUIPlugin:64 - create IPUIPlugin
2020-12-17 00:08:05,229 [INFO] PluginManager:200 - loadIPPluginJar : add gpio
2020-12-17 00:08:05,231 [INFO] IPUIPlugin:64 - create IPUIPlugin
2020-12-17 00:08:05,232 [INFO] PluginManager:200 - loadIPPluginJar : add comp
2020-12-17 00:08:05,234 [INFO] IPUIPlugin:64 - create IPUIPlugin
2020-12-17 00:08:05,234 [INFO] PluginManager:200 - loadIPPluginJar : add tracer_emb
2020-12-17 00:08:05,238 [INFO] IPUIPlugin:64 - create IPUIPlugin
2020-12-17 00:08:05,238 [INFO] PluginManager:200 - loadIPPluginJar : add openamp
2020-12-17 00:08:05,243 [INFO] IPUIPlugin:64 - create IPUIPlugin
2020-12-17 00:08:05,243 [INFO] PluginManager:200 - loadIPPluginJar : add stm32_wpan
2020-12-17 00:08:05,253 [INFO] IPUIPlugin:64 - create IPUIPlugin
2020-12-17 00:08:05,256 [INFO] PluginManager:200 - loadIPPluginJar : add plateformsettings
2020-12-17 00:08:05,262 [INFO] IPUIPlugin:64 - create IPUIPlugin
2020-12-17 00:08:05,262 [INFO] PluginManager:200 - loadIPPluginJar : add ipddr
2020-12-17 00:08:05,266 [INFO] IPUIPlugin:64 - create IPUIPlugin
2020-12-17 00:08:05,266 [INFO] PluginManager:200 - loadIPPluginJar : add usart
2020-12-17 00:08:05,271 [INFO] IPUIPlugin:64 - create IPUIPlugin
2020-12-17 00:08:05,271 [INFO] PluginManager:200 - loadIPPluginJar : add ltdc
2020-12-17 00:08:05,277 [INFO] IPUIPlugin:64 - create IPUIPlugin
2020-12-17 00:08:05,277 [INFO] PluginManager:200 - loadIPPluginJar : add nvic
2020-12-17 00:08:05,279 [INFO] IPUIPlugin:64 - create IPUIPlugin
2020-12-17 00:08:05,279 [INFO] PluginManager:200 - loadIPPluginJar : add fatfs
2020-12-17 00:08:05,287 [INFO] IPUIPlugin:64 - create IPUIPlugin
2020-12-17 00:08:05,287 [INFO] PluginManager:200 - loadIPPluginJar : add dma
2020-12-17 00:08:05,293 [INFO] IPUIPlugin:64 - create IPUIPlugin
2020-12-17 00:08:05,293 [INFO] PluginManager:200 - loadIPPluginJar : add fmc
2020-12-17 00:08:05,297 [INFO] IPUIPlugin:64 - create IPUIPlugin
2020-12-17 00:08:05,297 [INFO] PluginManager:200 - loadIPPluginJar : add i2s
2020-12-17 00:08:05,299 [INFO] IPUIPlugin:64 - create IPUIPlugin
2020-12-17 00:08:05,300 [INFO] PluginManager:200 - loadIPPluginJar : add ucpd
2020-12-17 00:08:05,303 [INFO] IPUIPlugin:64 - create IPUIPlugin
2020-12-17 00:08:05,303 [INFO] PluginManager:200 - loadIPPluginJar : add opamp
2020-12-17 00:08:05,307 [INFO] IPUIPlugin:64 - create IPUIPlugin
2020-12-17 00:08:05,307 [INFO] PluginManager:200 - loadIPPluginJar : add touchsensing
2020-12-17 00:08:05,311 [INFO] IPUIPlugin:64 - create IPUIPlugin
2020-12-17 00:08:05,311 [INFO] PluginManager:200 - loadIPPluginJar : add i2c
2020-12-17 00:08:05,316 [INFO] IPUIPlugin:64 - create IPUIPlugin
2020-12-17 00:08:05,317 [INFO] PluginManager:200 - loadIPPluginJar : add resmgrutility
2020-12-17 00:08:05,321 [INFO] IPUIPlugin:64 - create IPUIPlugin
2020-12-17 00:08:05,321 [INFO] PluginManager:200 - loadIPPluginJar : add sai
2020-12-17 00:08:05,500 [ERROR] OsUtils:37 - [DDR PANEL] - Operating System: Not Defined
2020-12-17 00:08:05,649 [INFO] CubeProgrammer:457 - [DDR PANEL] - PathOfProgrammer: null
2020-12-17 00:08:06,286 [FATAL] Updater:282 - Updater called before beeing initialized
2020-12-17 00:08:06,493 [FATAL] Updater:282 - Updater called before beeing initialized
2020-12-17 00:08:06,494 [WARN] ThirdParty:775 - waiting for thirdparty lock release [close project]
2020-12-17 00:08:06,494 [INFO] ThirdParty:777 - entering critical section [close project]
2020-12-17 00:08:06,495 [INFO] ThirdParty:790 - exiting critical section [close project]
2020-12-17 00:08:06,497 [INFO] PinOutPanel:1418 - setPackage(No Configuration,No Configuration)
2020-12-17 00:08:06,498 [FATAL] Updater:282 - Updater called before beeing initialized
2020-12-17 00:08:06,503 [ERROR] Updater:967 - MainUpdater not yet initialized. External WinMGr cannot be set.
2020-12-17 00:08:06,505 [INFO] CubeProgrammer:457 - [DDR PANEL] - PathOfProgrammer: /Applications/STM32CubeIDE.app/Contents/Eclipse/plugins/com.st.stm32cube.ide.mcu.externaltools.cubeprogrammer.macos64_1.4.0.202007081208/tools/bin
2020-12-17 00:08:06,509 [INFO] ProgrammerExecThread:148 - [ProgrammerAPI] CubeProgrammer command construction: /Applications/STM32CubeIDE.app/Contents/Eclipse/plugins/com.st.stm32cube.ide.mcu.externaltools.cubeprogrammer.macos64_1.4.0.202007081208/tools/bin/STM32_Programmer_CLI -l
2020-12-17 00:08:06,811 [INFO] MainDdrPanel:49 - [DDR PANEL] SETTER - Set cubeProgrammerPath to: /Applications/STM32CubeIDE.app/Contents/Eclipse/plugins/com.st.stm32cube.ide.mcu.externaltools.cubeprogrammer.macos64_1.4.0.202007081208/tools/bin
2020-12-17 00:08:06,856 [INFO] Updater:904 - Updater Version found : 6.0.0
2020-12-17 00:08:06,887 [INFO] ApplicationProperties:181 - Using Application install path: /Applications/STM32CubeIDE.app/Contents/Eclipse/plugins/com.st.stm32cube.common.mx_6.0.0.202007160824
2020-12-17 00:08:07,177 [INFO] MainUpdater:2268 - connection check result : 10
2020-12-17 00:08:07,178 [INFO] MainUpdater:2935 - Updater definition file requires update
2020-12-17 00:08:07,179 [INFO] MainUpdater:239 - Updater Check For Update Now.
2020-12-17 00:08:07,180 [INFO] MicroXplorer:414 - Change Database Version : DB.6.0.0
2020-12-17 00:08:07,360 [INFO] ServerAccessManage:348 - Download File updaters.zip
2020-12-17 00:08:07,502 [INFO] FileExtend:225 - Unzip File : updaters.zip
2020-12-17 00:08:07,502 [INFO] FileExtend:240 - Standard Zip Deflate
2020-12-17 00:08:07,924 [INFO] ServerAccessManage:348 - Download File PacksControlFlags.xml
2020-12-17 00:08:08,103 [INFO] ServerAccessManage:348 - Download File cubemx.pidx
2020-12-17 00:08:08,203 [INFO] LoadServerUpdatesThread:309 - End of LoadServerUpdate Thread
2020-12-17 00:08:08,231 [INFO] CheckServerUpdateThread:102 - End of CheckServer Thread
2020-12-17 00:08:08,301 [INFO] MainUpdater:2268 - connection check result : 10
2020-12-17 00:08:08,870 [WARN] IntegrityCheckThread:61 - waiting for thirdparty lock release [integrity check]
2020-12-17 00:08:08,870 [INFO] IntegrityCheckThread:63 - entering critical section [integrity check]
2020-12-17 00:08:08,870 [WARN] MainUpdater:1087 - Updater busy. Cannot search thirdparties
2020-12-17 00:08:10,019 [INFO] ServerAccessManage:348 - Download File mcusDocs.json._tmp_
2020-12-17 00:08:10,114 [INFO] LoadUrlFilesThread:135 - End of LoadUrlFiles Thread
2020-12-17 00:08:10,529 [INFO] ServerAccessManage:348 - Download File mcusFeaturesAndDescription.json._tmp_
2020-12-17 00:08:11,349 [INFO] LoadUrlFilesThread:135 - End of LoadUrlFiles Thread
2020-12-17 00:08:11,554 [INFO] ServerAccessManage:348 - Download File boardsDocs.json._tmp_
2020-12-17 00:08:11,860 [INFO] LoadUrlFilesThread:135 - End of LoadUrlFiles Thread
2020-12-17 00:08:11,874 [WARN] MainUpdater:1087 - Updater busy. Cannot search thirdparties
2020-12-17 00:08:12,221 [INFO] ServerAccessManage:348 - Download File boards.json._tmp_
2020-12-17 00:08:12,398 [INFO] LoadUrlFilesThread:135 - End of LoadUrlFiles Thread
2020-12-17 00:08:12,483 [INFO] ServerAccessManage:348 - Download File cube-finder-db.zip
2020-12-17 00:08:14,038 [INFO] FileExtend:225 - Unzip File : cube-finder-db.zip
2020-12-17 00:08:14,040 [INFO] FileExtend:240 - Standard Zip Deflate
2020-12-17 00:08:14,402 [INFO] LoadUrlFilesThread:135 - End of LoadUrlFiles Thread
2020-12-17 00:08:14,877 [WARN] MainUpdater:1087 - Updater busy. Cannot search thirdparties
2020-12-17 00:08:14,933 [INFO] ServerAccessManage:348 - Download File crdb.zip
2020-12-17 00:08:15,644 [INFO] FileExtend:225 - Unzip File : crdb.zip
2020-12-17 00:08:15,649 [INFO] FileExtend:240 - Standard Zip Deflate
2020-12-17 00:08:15,669 [INFO] LoadUrlFilesThread:135 - End of LoadUrlFiles Thread
2020-12-17 00:08:15,750 [INFO] ServerAccessManage:348 - Download File tutoVideoDB.zip
2020-12-17 00:08:15,865 [INFO] FileExtend:225 - Unzip File : tutoVideoDB.zip
2020-12-17 00:08:15,869 [INFO] FileExtend:240 - Standard Zip Deflate
2020-12-17 00:08:15,879 [INFO] LoadUrlFilesThread:135 - End of LoadUrlFiles Thread
2020-12-17 00:08:15,900 [INFO] DbMcusDocs:145 - JSON generation date=Wed Dec 09 09:22:40 PST 2020 (1607534560)
2020-12-17 00:08:15,900 [INFO] DbMcusXml:100 - Load MCU database from /Applications/STM32CubeIDE.app/Contents/Eclipse/plugins/com.st.stm32cube.common.mx_6.0.0.202007160824//db//mcu/families.xml
2020-12-17 00:08:16,454 [INFO] DbMcusJson:92 - JSON generation date=Wed Dec 09 09:22:40 PST 2020 (1607534560)
2020-12-17 00:08:17,114 [INFO] DbMcus:175 - Found 1761 MCUs (1722 are supported by CubeMX, 1752 are visible in CubeMX)
2020-12-17 00:08:17,114 [INFO] ApiDb:201 - Load user favorites file /Users/adityasehgal/.stm32cubemx/favorites.mcus.txt: 0 item(s)
2020-12-17 00:08:17,115 [INFO] ApiDb:205 - User favorites MCUs=[]
2020-12-17 00:08:17,115 [INFO] DbMcus:187 - Set 0 / 0 favorites MCUs
2020-12-17 00:08:17,480 [INFO] DbMcusDocs:81 - Found 612 MCUs documents
2020-12-17 00:08:17,481 [INFO] ApiDb:226 - Save user favorites file /Users/adityasehgal/.stm32cubemx/favorites.mcus.txt: 0 item(s)
2020-12-17 00:08:17,481 [INFO] ApiDb:230 - User favorites MCUs=[]
2020-12-17 00:08:17,481 [INFO] DbMcusXml:100 - Load MCU database from /Applications/STM32CubeIDE.app/Contents/Eclipse/plugins/com.st.stm32cube.common.mx_6.0.0.202007160824//db//mcu/families.xml
2020-12-17 00:08:17,821 [INFO] DbMcusJson:92 - JSON generation date=Wed Dec 09 09:22:40 PST 2020 (1607534560)
2020-12-17 00:08:18,021 [INFO] ThirdPartyDb:299 - Save Third Party DataBase File (/Users/adityasehgal/.stm32cubemx/plugins/thirdparty/db/thirdparties_db.xml) [forced]
2020-12-17 00:08:18,064 [INFO] ThirdPartyDb:299 - Save Third Party DataBase File (/Users/adityasehgal/.stm32cubemx/plugins/thirdparty/db/thirdparties_db.xml) [forced]
2020-12-17 00:08:18,092 [INFO] IntegrityCheckThread:76 - exiting critical section [integrity check]
2020-12-17 00:08:18,092 [INFO] IntegrityCheckThread:79 - End integrity checks thread
2020-12-17 00:08:18,216 [INFO] DbMcus:175 - Found 1761 MCUs (1722 are supported by CubeMX, 1752 are visible in CubeMX)
2020-12-17 00:08:18,217 [INFO] ApiDb:201 - Load user favorites file /Users/adityasehgal/.stm32cubemx/favorites.mcus.txt: 0 item(s)
2020-12-17 00:08:18,217 [INFO] ApiDb:205 - User favorites MCUs=[]
2020-12-17 00:08:18,217 [INFO] DbMcus:187 - Set 0 / 0 favorites MCUs
2020-12-17 00:08:18,232 [INFO] DbBoardsDocs:145 - JSON generation date=Wed Dec 09 09:22:40 PST 2020 (1607534560)
2020-12-17 00:08:18,249 [INFO] DbBoardsPdsc:94 - Found 9 items
2020-12-17 00:08:18,251 [INFO] DbBoardsPdsc:94 - Found 4 items
2020-12-17 00:08:18,253 [INFO] DbBoardsPdsc:94 - Found 2 items
2020-12-17 00:08:18,259 [INFO] DbBoardsPdsc:94 - Found 44 items
2020-12-17 00:08:18,263 [INFO] DbBoardsPdsc:94 - Found 23 items
2020-12-17 00:08:18,264 [INFO] DbBoardsPdsc:94 - Found 1 items
2020-12-17 00:08:18,269 [INFO] DbBoardsPdsc:94 - Found 40 items
2020-12-17 00:08:18,272 [INFO] DbBoardsPdsc:94 - Found 29 items
2020-12-17 00:08:18,277 [WARN] DbBoardsPdsc:258 - Board STM32H7B3I-DK: unknown feature type=Audio, name=, username=Audio stereo codec with Headphone Amp (CS42L51-CNZ), n=1
2020-12-17 00:08:18,277 [WARN] DbBoardsPdsc:258 - Board STM32H735G-DK: unknown feature type=Audio, name=, username=Audio stereo codec with Headphone Amp (WM8994ECS/R), n=1
2020-12-17 00:08:18,279 [WARN] DbBoardsPdsc:258 - Board STM32H7B3I-EVAL: unknown feature type=Audio, name=, username=Multi-Channel Audio Codec (CS42L51-CNZ), n=1
2020-12-17 00:08:18,279 [WARN] DbBoardsPdsc:258 - Board STM32H7B3I-EVAL: unknown feature type=Meter, name=, username=Power-metering and Temperature-monitoring with sigma-delta modulators, n=1
2020-12-17 00:08:18,279 [WARN] DbBoardsPdsc:258 - Board STM32H7B3I-EVAL: unknown feature type=Motor, name=, username=Motor Control, n=1
2020-12-17 00:08:18,289 [INFO] DbBoardsJson:85 - JSON generation date=Thu Nov 05 06:55:26 PST 2020 (1604588126)
2020-12-17 00:08:18,295 [INFO] DbBoards:117 - Found 152 boards (149 are supported by CubeMX)
2020-12-17 00:08:18,300 [INFO] DbBoardsDocs:145 - JSON generation date=Wed Dec 09 09:22:40 PST 2020 (1607534560)
2020-12-17 00:08:18,314 [INFO] DbBoardsDocs:81 - Found 190 boards documents
2020-12-17 00:08:18,316 [WARN] DbBoards:127 - board B-L462E-CELL1 has no document id list !
2020-12-17 00:08:18,316 [WARN] DbBoards:127 - board B-L475E-IOT01A2 has no document id list !
2020-12-17 00:08:18,317 [WARN] DbBoards:127 - board NUCLEO-G491RE has no document id list !
2020-12-17 00:08:18,317 [WARN] DbBoards:127 - board NUCLEO-H743ZI2 has no document id list !
2020-12-17 00:08:18,318 [WARN] DbBoards:127 - board NUCLEO-WB55RG has no document id list !
2020-12-17 00:08:18,318 [WARN] DbBoards:127 - board P-NUCLEO-WB55-Nucleo has no document id list !
2020-12-17 00:08:18,318 [WARN] DbBoards:127 - board P-NUCLEO-WB55-USBDongle has no document id list !
2020-12-17 00:08:18,318 [WARN] DbBoards:127 - board STEVAL-BFA001V1B has no document id list !
2020-12-17 00:08:18,318 [WARN] DbBoards:127 - board STEVAL-BFA001V2B has no document id list !
2020-12-17 00:08:18,318 [WARN] DbBoards:127 - board STEVAL-IDP005V1 has no document id list !
2020-12-17 00:08:18,318 [WARN] DbBoards:127 - board STEVAL-IDP005V2 has no document id list !
2020-12-17 00:08:18,318 [WARN] DbBoards:127 - board STEVAL-MKSBOX1V1 has no document id list !
2020-12-17 00:08:18,318 [WARN] DbBoards:127 - board STEVAL-STWINKT1 has no document id list !
2020-12-17 00:08:18,319 [WARN] DbBoards:127 - board STM32F401C-DISCO has no document id list !
2020-12-17 00:08:18,319 [WARN] DbBoards:127 - board STM32F769I-DISC1 has no document id list !
2020-12-17 00:08:18,320 [WARN] DbBoards:127 - board STM32G474E-EVAL1 has no document id list !
2020-12-17 00:08:18,320 [WARN] DbBoards:127 - board STM32H743I-EVAL2 has no document id list !
2020-12-17 00:08:18,320 [WARN] DbBoards:127 - board STM32H747I-DISC1 has no document id list !
2020-12-17 00:08:18,320 [WARN] DbBoards:127 - board STM32H753I-EVAL2 has no document id list !
2020-12-17 00:08:18,321 [WARN] DbBoards:127 - board STM32L-DISCOVERY has no document id list !
2020-12-17 00:08:18,321 [WARN] DbBoards:127 - board STM32MP157A-DK1 has no document id list !
2020-12-17 00:08:18,321 [WARN] DbBoards:127 - board STM32MP157F-EV1 has no document id list !
2020-12-17 00:08:18,403 [ERROR] DbBoards:192 - No image file URL for board B-L462E-CELL1
2020-12-17 00:08:19,409 [INFO] ApiDb:201 - Load user favorites file /Users/adityasehgal/.stm32cubemx/favorites.boards.txt: 0 item(s)
2020-12-17 00:08:19,409 [INFO] ApiDb:205 - User favorites Boards=[]
2020-12-17 00:08:19,409 [INFO] DbBoards:206 - Set 0 / 0 favorites Boards
2020-12-17 00:08:19,415 [INFO] DbBoardsDocs:81 - Found 380 boards documents
2020-12-17 00:08:19,416 [INFO] ApiDb:226 - Save user favorites file /Users/adityasehgal/.stm32cubemx/favorites.boards.txt: 0 item(s)
2020-12-17 00:08:19,416 [INFO] ApiDb:230 - User favorites Boards=[]
2020-12-17 00:08:19,417 [INFO] DbBoardsPdsc:94 - Found 9 items
2020-12-17 00:08:19,418 [INFO] DbBoardsPdsc:94 - Found 4 items
2020-12-17 00:08:19,418 [INFO] DbBoardsPdsc:94 - Found 2 items
2020-12-17 00:08:19,421 [INFO] DbBoardsPdsc:94 - Found 44 items
2020-12-17 00:08:19,422 [INFO] DbBoardsPdsc:94 - Found 23 items
2020-12-17 00:08:19,423 [INFO] DbBoardsPdsc:94 - Found 1 items
2020-12-17 00:08:19,426 [INFO] DbBoardsPdsc:94 - Found 40 items
2020-12-17 00:08:19,428 [INFO] DbBoardsPdsc:94 - Found 29 items
2020-12-17 00:08:19,430 [WARN] DbBoardsPdsc:258 - Board STM32H7B3I-DK: unknown feature type=Audio, name=, username=Audio stereo codec with Headphone Amp (CS42L51-CNZ), n=1
2020-12-17 00:08:19,430 [WARN] DbBoardsPdsc:258 - Board STM32H735G-DK: unknown feature type=Audio, name=, username=Audio stereo codec with Headphone Amp (WM8994ECS/R), n=1
2020-12-17 00:08:19,432 [WARN] DbBoardsPdsc:258 - Board STM32H7B3I-EVAL: unknown feature type=Audio, name=, username=Multi-Channel Audio Codec (CS42L51-CNZ), n=1
2020-12-17 00:08:19,432 [WARN] DbBoardsPdsc:258 - Board STM32H7B3I-EVAL: unknown feature type=Meter, name=, username=Power-metering and Temperature-monitoring with sigma-delta modulators, n=1
2020-12-17 00:08:19,432 [WARN] DbBoardsPdsc:258 - Board STM32H7B3I-EVAL: unknown feature type=Motor, name=, username=Motor Control, n=1
2020-12-17 00:08:19,439 [INFO] DbBoardsJson:85 - JSON generation date=Thu Nov 05 06:55:26 PST 2020 (1604588126)
2020-12-17 00:08:19,442 [INFO] DbBoards:117 - Found 152 boards (149 are supported by CubeMX)
2020-12-17 00:08:19,443 [WARN] DbBoards:127 - board B-L462E-CELL1 has no document id list !
2020-12-17 00:08:19,443 [WARN] DbBoards:127 - board B-L475E-IOT01A2 has no document id list !
2020-12-17 00:08:19,444 [WARN] DbBoards:127 - board NUCLEO-G491RE has no document id list !
2020-12-17 00:08:19,444 [WARN] DbBoards:127 - board NUCLEO-H743ZI2 has no document id list !
2020-12-17 00:08:19,445 [WARN] DbBoards:127 - board NUCLEO-WB55RG has no document id list !
2020-12-17 00:08:19,445 [WARN] DbBoards:127 - board P-NUCLEO-WB55-Nucleo has no document id list !
2020-12-17 00:08:19,445 [WARN] DbBoards:127 - board P-NUCLEO-WB55-USBDongle has no document id list !
2020-12-17 00:08:19,445 [WARN] DbBoards:127 - board STEVAL-BFA001V1B has no document id list !
2020-12-17 00:08:19,445 [WARN] DbBoards:127 - board STEVAL-BFA001V2B has no document id list !
2020-12-17 00:08:19,445 [WARN] DbBoards:127 - board STEVAL-IDP005V1 has no document id list !
2020-12-17 00:08:19,445 [WARN] DbBoards:127 - board STEVAL-IDP005V2 has no document id list !
2020-12-17 00:08:19,445 [WARN] DbBoards:127 - board STEVAL-MKSBOX1V1 has no document id list !
2020-12-17 00:08:19,445 [WARN] DbBoards:127 - board STEVAL-STWINKT1 has no document id list !
2020-12-17 00:08:19,446 [WARN] DbBoards:127 - board STM32F401C-DISCO has no document id list !
2020-12-17 00:08:19,446 [WARN] DbBoards:127 - board STM32F769I-DISC1 has no document id list !
2020-12-17 00:08:19,447 [WARN] DbBoards:127 - board STM32G474E-EVAL1 has no document id list !
2020-12-17 00:08:19,447 [WARN] DbBoards:127 - board STM32H743I-EVAL2 has no document id list !
2020-12-17 00:08:19,447 [WARN] DbBoards:127 - board STM32H747I-DISC1 has no document id list !
2020-12-17 00:08:19,447 [WARN] DbBoards:127 - board STM32H753I-EVAL2 has no document id list !
2020-12-17 00:08:19,447 [WARN] DbBoards:127 - board STM32L-DISCOVERY has no document id list !
2020-12-17 00:08:19,448 [WARN] DbBoards:127 - board STM32MP157A-DK1 has no document id list !
2020-12-17 00:08:19,448 [WARN] DbBoards:127 - board STM32MP157F-EV1 has no document id list !
2020-12-17 00:08:19,476 [ERROR] DbBoards:192 - No image file URL for board B-L462E-CELL1
2020-12-17 00:08:20,016 [INFO] ApiDb:201 - Load user favorites file /Users/adityasehgal/.stm32cubemx/favorites.boards.txt: 0 item(s)
2020-12-17 00:08:20,016 [INFO] ApiDb:205 - User favorites Boards=[]
2020-12-17 00:08:20,016 [INFO] DbBoards:206 - Set 0 / 0 favorites Boards
2020-12-17 00:08:20,344 [INFO] DbExamplesSqlite:156 - SQLite db open (/Users/adityasehgal/.stmcufinder/plugins/mcufinder/mcu/cube-finder-db.db)
2020-12-17 00:08:20,691 [INFO] DbExamplesSqlite:447 - Ignored 0 examples not supported by CubeIDE
2020-12-17 00:08:20,692 [INFO] DbExamplesSqlite:448 - Found 4822 examples active
2020-12-17 00:08:20,692 [INFO] DbExamplesSqlite:449 - Found 130 examples obsolete
2020-12-17 00:08:20,692 [INFO] DbExamplesSqlite:450 - Found 0 examples under development
2020-12-17 00:08:20,692 [INFO] DbExamplesSqlite:451 - Found 71 examples not building
2020-12-17 00:08:20,701 [INFO] DbExamplesSqlite:130 - SQLite Data Model version=2.1
2020-12-17 00:08:20,701 [INFO] DbExamplesSqlite:131 - SQLite Configuration version=2.11
2020-12-17 00:08:20,701 [INFO] DbExamplesSqlite:132 - SQLite generation date=2020-11-16 (1605534434)
2020-12-17 00:08:20,701 [INFO] DbExamplesSqlite:133 - SQLite FW Pack versions=[STM32Cube_FW_F4_V1.25.2, STM32Cube_FW_F7_V1.16.0, STM32Cube_FW_G0_V1.4.0, STM32Cube_FW_G4_V1.3.0, STM32Cube_FW_H7_V1.8.0, STM32Cube_FW_L5_V1.3.1, STM32Cube_FW_WB_V1.10.0, STM32Cube_FW_WL_V1.0.0]
2020-12-17 00:08:20,702 [INFO] DbExamples:123 - Found 4893 examples
2020-12-17 00:08:21,015 [ERROR] DbExamples:199 - Found 687 examples with invalid data (board or MCU)
2020-12-17 00:08:21,015 [INFO] DbExamples:215 - Found 56 boards with related examples
2020-12-17 00:08:21,033 [INFO] DbExamples:228 - Found 45 MCUs with related examples
2020-12-17 00:08:21,049 [INFO] ApiDb:192 - User favorites file not found: /Users/adityasehgal/.stm32cubemx/favorites.examples.txt
2020-12-17 00:08:21,049 [INFO] DbExamples:249 - Set 0 / 0 favorites Examples
2020-12-17 00:08:21,815 [INFO] McuFinderGlobals:40 - Set McuFinder mode to 2 (CubeIDE integrated)
2020-12-17 00:08:21,891 [INFO] CrossSelectorPresenter:1330 - Cross Selector saved comparison directory: /Users/adityasehgal/.stmcufinder/plugins/mcufinder/mcu/cs_comparisons_mx
2020-12-17 00:08:21,898 [INFO] MultiScanPanel:193 - Auto-refresh data requested => check proxy status ongoing
2020-12-17 00:08:21,901 [INFO] FinderPluginLoader:87 - Searching for filters in installed packs
2020-12-17 00:08:22,319 [INFO] LoadUrlFilesThread:162 - End of LoadServerUrlFiles without Thread
2020-12-17 00:08:22,343 [INFO] DetailPanel:331 - Set advertising image to /Users/adityasehgal/STM32Cube/Repository//stm32cubemx-promo_image.jpg
2020-12-17 00:08:22,630 [INFO] McuFilterPanel:245 - Update 0 favorites MCUs
2020-12-17 00:09:21,972 [INFO] LogOutputStream:76 - [STDOUT_REDIRECT] withoutVersionV1.25.2
2020-12-17 00:09:21,975 [INFO] LogOutputStream:76 - [STDOUT_REDIRECT] withoutVersionV1.25.1
2020-12-17 00:09:21,976 [INFO] LogOutputStream:76 - [STDOUT_REDIRECT] withoutVersionV1.25.0
2020-12-17 00:09:24,998 [INFO] MainUpdater:2268 - connection check result : 10
2020-12-17 00:09:24,999 [INFO] MainUpdater:2268 - connection check result : 10
2020-12-17 00:09:25,342 [INFO] MicroXplorer:384 - Change Database Path : 
2020-12-17 00:09:25,342 [INFO] MicroXplorer:414 - Change Database Version : DB.6.0.0
2020-12-17 00:09:25,342 [WARN] ThirdParty:775 - waiting for thirdparty lock release [close project]
2020-12-17 00:09:25,342 [INFO] ThirdParty:777 - entering critical section [close project]
2020-12-17 00:09:25,342 [INFO] ThirdParty:790 - exiting critical section [close project]
2020-12-17 00:09:25,344 [INFO] PinOutPanel:1418 - setPackage(No Configuration,No Configuration)
2020-12-17 00:09:25,345 [INFO] UtilMem:74 - Begin LoadConfig() Used Memory: 632691880 Bytes (1073741824)
2020-12-17 00:09:25,345 [INFO] MicroXplorer:384 - Change Database Path : 
2020-12-17 00:09:25,346 [INFO] MicroXplorer:414 - Change Database Version : DB.6.0.0
2020-12-17 00:09:25,346 [INFO] OpenFileManager:274 - Change cursor
2020-12-17 00:09:26,651 [INFO] ImportTextPane:162 - (OptionalMessage_ERROR) Unable to find key (Mcu.ThirdPartyNb) in loaded IOC file
2020-12-17 00:09:26,651 [INFO] ImportTextPane:162 - (OptionalMessage_ERROR) Unable to find key (Mcu.PinsNb) in loaded IOC file
2020-12-17 00:09:26,651 [INFO] ImportTextPane:162 - (OptionalMessage_ERROR) Unable to find key (Mcu.IPNb) in loaded IOC file
2020-12-17 00:09:26,701 [WARN] ApiManager:274 - Cannot register API 'Board Extension:S2868A1' from pack STMicroelectronics.X-CUBE-SUBG2.3.0.0: no header file found
2020-12-17 00:09:26,702 [WARN] ApiManager:274 - Cannot register API 'Board Extension:S2868A2' from pack STMicroelectronics.X-CUBE-SUBG2.3.0.0: no header file found
2020-12-17 00:09:26,702 [WARN] ApiManager:274 - Cannot register API 'Board Extension:S2915A1' from pack STMicroelectronics.X-CUBE-SUBG2.3.0.0: no header file found
2020-12-17 00:09:26,706 [WARN] ApiManager:274 - Cannot register API 'Board Extension:S2868A1' from pack STMicroelectronics.X-CUBE-SFXS2LP1.2.0.0: no header file found
2020-12-17 00:09:26,706 [WARN] ApiManager:274 - Cannot register API 'Board Extension:S2868A2' from pack STMicroelectronics.X-CUBE-SFXS2LP1.2.0.0: no header file found
2020-12-17 00:09:26,706 [WARN] ApiManager:274 - Cannot register API 'Board Extension:S2915A1' from pack STMicroelectronics.X-CUBE-SFXS2LP1.2.0.0: no header file found
2020-12-17 00:09:26,736 [WARN] ApiManager:274 - Cannot register API 'Board Extension:IKS01A3' from pack STMicroelectronics.X-CUBE-MEMS1.8.1.1: no header file found
2020-12-17 00:09:26,736 [WARN] ApiManager:274 - Cannot register API 'Board Extension:IKS01A2' from pack STMicroelectronics.X-CUBE-MEMS1.8.1.1: no header file found
2020-12-17 00:09:26,737 [WARN] ApiManager:274 - Cannot register API 'Board Extension:IKS02A1' from pack STMicroelectronics.X-CUBE-MEMS1.8.1.1: no header file found
2020-12-17 00:09:26,762 [WARN] ApiManager:274 - Cannot register API 'Board Extension:IKS01A3' from pack STMicroelectronics.X-CUBE-MEMS1.8.2.0: no header file found
2020-12-17 00:09:26,763 [WARN] ApiManager:274 - Cannot register API 'Board Extension:IKS01A2' from pack STMicroelectronics.X-CUBE-MEMS1.8.2.0: no header file found
2020-12-17 00:09:26,763 [WARN] ApiManager:274 - Cannot register API 'Board Extension:IKS02A1' from pack STMicroelectronics.X-CUBE-MEMS1.8.2.0: no header file found
2020-12-17 00:09:26,763 [WARN] ApiManager:274 - Cannot register API 'Board Extension:EEPRMA1' from pack STMicroelectronics.X-CUBE-EEPRMA1.3.0.0: no header file found
2020-12-17 00:09:26,763 [WARN] ApiManager:274 - Cannot register API 'Board Extension:EEPRMA2' from pack STMicroelectronics.X-CUBE-EEPRMA1.3.0.0: no header file found
2020-12-17 00:09:26,764 [INFO] DependencyParser:915 - This component is not compatible with the current MCU : [1604040969840]
2020-12-17 00:09:26,764 [INFO] ThirdPartyModel:556 - Component with status : MCU_INCOMPATIBLE for condition : GFX01M1_Condition id : 1604040969825
2020-12-17 00:09:26,764 [INFO] DependencyParser:915 - This component is not compatible with the current MCU : [1604040969840]
2020-12-17 00:09:26,764 [INFO] ThirdPartyModel:556 - Component with status : MCU_INCOMPATIBLE for condition : GFX01M1_HelloWorld_Condition id : 1604040969827
2020-12-17 00:09:26,765 [INFO] RtosManager:456 - Registered RTOS mode: class=CMSIS, group=RTOS, mode=CMSIS_V1, owner=FREERTOS
2020-12-17 00:09:26,766 [INFO] RtosManager:456 - Registered RTOS mode: class=CMSIS, group=RTOS2, mode=CMSIS_V2, owner=FREERTOS
2020-12-17 00:09:26,766 [INFO] RtosManager:456 - Registered RTOS mode: class=RTOS, group=Core, mode=CMSIS_V1, owner=FREERTOS
2020-12-17 00:09:26,766 [INFO] RtosManager:456 - Registered RTOS mode: class=RTOS, group=Core, mode=CMSIS_V2, owner=FREERTOS
2020-12-17 00:09:26,766 [WARN] ModelIntegratedComponent:188 - Missing modes for component 1604040991263
2020-12-17 00:09:26,767 [WARN] ApiManager:274 - Cannot register API 'Board Extension:GNSS1A1' from pack STMicroelectronics.X-CUBE-GNSS1.5.0.0: no header file found
2020-12-17 00:09:26,768 [WARN] ApiManager:274 - Cannot register API 'Board Support:Custom' from pack STMicroelectronics.X-CUBE-GNSS1.5.0.0: no header file found
2020-12-17 00:09:26,768 [WARN] ApiManager:274 - Cannot register API 'Data Exchange:lib_gnss' from pack STMicroelectronics.X-CUBE-GNSS1.5.0.0: no header file found
2020-12-17 00:09:26,769 [WARN] ApiManager:274 - Cannot register API 'Board Extension:GNSS1A1' from pack STMicroelectronics.X-CUBE-GNSS1.5.1.0: no header file found
2020-12-17 00:09:26,769 [WARN] ApiManager:274 - Cannot register API 'Board Support:Custom' from pack STMicroelectronics.X-CUBE-GNSS1.5.1.0: no header file found
2020-12-17 00:09:26,769 [WARN] ApiManager:274 - Cannot register API 'Data Exchange:lib_gnss' from pack STMicroelectronics.X-CUBE-GNSS1.5.1.0: no header file found
2020-12-17 00:09:26,769 [WARN] ApiManager:274 - Cannot register API 'Board Extension:S2868A1' from pack STMicroelectronics.X-CUBE-SUBG2.2.0.0: no header file found
2020-12-17 00:09:26,770 [WARN] ApiManager:274 - Cannot register API 'Board Extension:S2868A2' from pack STMicroelectronics.X-CUBE-SUBG2.2.0.0: no header file found
2020-12-17 00:09:26,770 [WARN] ApiManager:274 - Cannot register API 'Board Extension:S2915A1' from pack STMicroelectronics.X-CUBE-SUBG2.2.0.0: no header file found
2020-12-17 00:09:26,770 [WARN] ApiManager:274 - Cannot register API 'Wireless:BlueNRG-MS' from pack STMicroelectronics.X-CUBE-BLE1.6.0.0: no header file found
2020-12-17 00:09:26,771 [WARN] ApiManager:274 - Cannot register API 'Wireless:BlueNRG-MS' from pack STMicroelectronics.X-CUBE-BLE1.6.1.0: no header file found
2020-12-17 00:09:26,773 [WARN] ApiManager:274 - Cannot register API 'Board Extension:NFC04A1' from pack STMicroelectronics.X-CUBE-NFC4.2.0.1: no header file found
2020-12-17 00:09:26,773 [WARN] ApiManager:274 - Cannot register API 'Wireless:BlueNRG-2' from pack STMicroelectronics.X-CUBE-BLE2.3.0.0: no header file found
2020-12-17 00:09:26,775 [WARN] ApiManager:274 - Cannot register API 'Wireless:BlueNRG-2' from pack STMicroelectronics.X-CUBE-BLE2.3.1.0: no header file found
2020-12-17 00:09:27,228 [INFO] UtilMem:74 - End LoadConfig() Used Memory: 884362448 Bytes (1073741824)
2020-12-17 00:09:27,230 [WARN] ThirdParty:741 - waiting for thirdparty lock release [change project]
2020-12-17 00:09:27,230 [INFO] ThirdParty:743 - entering critical section [change project]
2020-12-17 00:09:27,230 [INFO] ThirdParty:968 - CMSIS Pack Vendor :STMicroelectronics USB_HOST 2.0.0
2020-12-17 00:09:27,230 [INFO] ThirdParty:968 - CMSIS Pack Vendor :STMicroelectronics X-CUBE-SUBG2 3.0.0
2020-12-17 00:09:27,230 [INFO] ThirdParty:968 - CMSIS Pack Vendor :STMicroelectronics USB_DEVICE 3.0.0
2020-12-17 00:09:27,231 [INFO] ThirdParty:968 - CMSIS Pack Vendor :STMicroelectronics MBEDTLS 2.16.2
2020-12-17 00:09:27,231 [INFO] ThirdParty:968 - CMSIS Pack Vendor :STMicroelectronics X-CUBE-SFXS2LP1 2.0.0
2020-12-17 00:09:27,231 [INFO] ThirdParty:968 - CMSIS Pack Vendor :STMicroelectronics MBEDTLS 2.14.1
2020-12-17 00:09:27,231 [INFO] ThirdParty:968 - CMSIS Pack Vendor :STMicroelectronics USB_DEVICE 2.0.0
2020-12-17 00:09:27,231 [INFO] ThirdParty:968 - CMSIS Pack Vendor :STMicroelectronics X-CUBE-MEMS1 8.1.1
2020-12-17 00:09:27,231 [INFO] ThirdParty:968 - CMSIS Pack Vendor :STMicroelectronics X-CUBE-MEMS1 8.2.0
2020-12-17 00:09:27,232 [INFO] ThirdParty:968 - CMSIS Pack Vendor :STMicroelectronics X-CUBE-EEPRMA1 3.0.0
2020-12-17 00:09:27,232 [INFO] ThirdParty:968 - CMSIS Pack Vendor :STMicroelectronics X-CUBE-DISPLAY 1.0.0
2020-12-17 00:09:27,232 [INFO] ThirdParty:968 - CMSIS Pack Vendor :STMicroelectronics FreeRTOS 0.0.1
2020-12-17 00:09:27,232 [INFO] ThirdParty:968 - CMSIS Pack Vendor :STMicroelectronics USB_DEVICE 1.0.0
2020-12-17 00:09:27,232 [INFO] ThirdParty:968 - CMSIS Pack Vendor :STMicroelectronics X-CUBE-ALGOBUILD 1.1.0
2020-12-17 00:09:27,232 [INFO] ThirdParty:968 - CMSIS Pack Vendor :STMicroelectronics X-CUBE-GNSS1 5.0.0
2020-12-17 00:09:27,232 [INFO] ThirdParty:968 - CMSIS Pack Vendor :STMicroelectronics X-CUBE-GNSS1 5.1.0
2020-12-17 00:09:27,232 [INFO] ThirdParty:968 - CMSIS Pack Vendor :STMicroelectronics X-CUBE-SUBG2 2.0.0
2020-12-17 00:09:27,232 [INFO] ThirdParty:968 - CMSIS Pack Vendor :STMicroelectronics X-CUBE-BLE1 6.0.0
2020-12-17 00:09:27,233 [INFO] ThirdParty:968 - CMSIS Pack Vendor :STMicroelectronics X-CUBE-BLE1 6.1.0
2020-12-17 00:09:27,233 [INFO] ThirdParty:968 - CMSIS Pack Vendor :STMicroelectronics lwIP 2.0.3
2020-12-17 00:09:27,233 [INFO] ThirdParty:968 - CMSIS Pack Vendor :STMicroelectronics lwIP 2.1.2
2020-12-17 00:09:27,233 [INFO] ThirdParty:968 - CMSIS Pack Vendor :STMicroelectronics X-CUBE-TOUCHGFX 4.15.0
2020-12-17 00:09:27,233 [INFO] ThirdParty:968 - CMSIS Pack Vendor :STMicroelectronics USB_HOST 1.0.0
2020-12-17 00:09:27,233 [INFO] ThirdParty:968 - CMSIS Pack Vendor :STMicroelectronics X-CUBE-AI 5.2.0
2020-12-17 00:09:27,233 [INFO] ThirdParty:968 - CMSIS Pack Vendor :STMicroelectronics X-CUBE-NFC4 2.0.1
2020-12-17 00:09:27,233 [INFO] ThirdParty:968 - CMSIS Pack Vendor :STMicroelectronics X-CUBE-BLE2 3.0.0
2020-12-17 00:09:27,233 [INFO] ThirdParty:968 - CMSIS Pack Vendor :STMicroelectronics X-CUBE-NFC4 2.0.0
2020-12-17 00:09:27,233 [INFO] ThirdParty:968 - CMSIS Pack Vendor :STMicroelectronics PDM2PCM 3.1.0
2020-12-17 00:09:27,233 [INFO] ThirdParty:968 - CMSIS Pack Vendor :STMicroelectronics PDM2PCM 3.2.0
2020-12-17 00:09:27,233 [INFO] ThirdParty:968 - CMSIS Pack Vendor :STMicroelectronics X-CUBE-BLE2 3.1.0
2020-12-17 00:09:27,233 [INFO] ThirdParty:968 - CMSIS Pack Vendor :STMicroelectronics PDM2PCM 3.3.0
2020-12-17 00:09:27,234 [INFO] ThirdParty:749 - exiting critical section [change project]
2020-12-17 00:09:27,467 [INFO] PinOutPanel:1418 - setPackage(No Configuration,No Configuration)
2020-12-17 00:09:27,469 [INFO] PinOutPanel:1418 - setPackage(STM32F401RETx,LQFP64)
2020-12-17 00:09:27,858 [INFO] UtilMem:74 - Before build in PCC Used Memory: 451074104 Bytes (1073741824)
2020-12-17 00:09:28,261 [INFO] SharedServices:71 - Folder for power plug-in: /Users/adityasehgal/.stm32cubemx/plugins/power
2020-12-17 00:09:28,302 [INFO] SharedServices:71 - Folder for power plug-in: /Users/adityasehgal/.stm32cubemx/plugins/power
2020-12-17 00:09:28,340 [INFO] SharedServices:71 - Folder for power plug-in: /Users/adityasehgal/.stm32cubemx/plugins/power
2020-12-17 00:09:28,346 [INFO] SharedServices:71 - Folder for power plug-in: /Users/adityasehgal/.stm32cubemx/plugins/power
2020-12-17 00:09:28,526 [INFO] UtilMem:74 - After build in PCC Used Memory: 507174976 Bytes (1073741824)
2020-12-17 00:09:28,544 [INFO] IPUIPlugin:64 - create IPUIPlugin
2020-12-17 00:09:28,544 [INFO] IPUIPlugin:64 - create IPUIPlugin
2020-12-17 00:09:28,545 [INFO] IPUIPlugin:64 - create IPUIPlugin
2020-12-17 00:09:28,545 [INFO] IPUIPlugin:64 - create IPUIPlugin
2020-12-17 00:09:28,545 [INFO] IPUIPlugin:64 - create IPUIPlugin
2020-12-17 00:09:28,545 [INFO] IPUIPlugin:64 - create IPUIPlugin
2020-12-17 00:09:28,546 [INFO] IPUIPlugin:64 - create IPUIPlugin
2020-12-17 00:09:28,546 [INFO] IPUIPlugin:64 - create IPUIPlugin
2020-12-17 00:09:28,546 [INFO] IPUIPlugin:64 - create IPUIPlugin
2020-12-17 00:09:28,546 [INFO] IPUIPlugin:64 - create IPUIPlugin
2020-12-17 00:09:28,546 [INFO] IPUIPlugin:64 - create IPUIPlugin
2020-12-17 00:09:28,546 [INFO] IPUIPlugin:64 - create IPUIPlugin
2020-12-17 00:09:28,547 [INFO] IPUIPlugin:64 - create IPUIPlugin
2020-12-17 00:09:28,547 [INFO] IPUIPlugin:64 - create IPUIPlugin
2020-12-17 00:09:28,547 [INFO] IPUIPlugin:64 - create IPUIPlugin
2020-12-17 00:09:28,547 [INFO] IPUIPlugin:64 - create IPUIPlugin
2020-12-17 00:09:28,547 [INFO] IPUIPlugin:64 - create IPUIPlugin
2020-12-17 00:09:28,547 [INFO] IPUIPlugin:64 - create IPUIPlugin
2020-12-17 00:09:28,547 [INFO] IPUIPlugin:64 - create IPUIPlugin
2020-12-17 00:09:28,548 [INFO] IPUIPlugin:64 - create IPUIPlugin
2020-12-17 00:09:28,548 [INFO] IPUIPlugin:64 - create IPUIPlugin
2020-12-17 00:09:28,548 [INFO] IPUIPlugin:64 - create IPUIPlugin
2020-12-17 00:09:28,548 [INFO] IPUIPlugin:64 - create IPUIPlugin
2020-12-17 00:09:28,548 [INFO] IPUIPlugin:64 - create IPUIPlugin
2020-12-17 00:09:28,548 [INFO] IPUIPlugin:64 - create IPUIPlugin
2020-12-17 00:09:28,549 [INFO] IPUIPlugin:64 - create IPUIPlugin
2020-12-17 00:09:28,549 [INFO] IPUIPlugin:64 - create IPUIPlugin
2020-12-17 00:09:28,549 [INFO] IPUIPlugin:64 - create IPUIPlugin
2020-12-17 00:09:28,549 [INFO] IPUIPlugin:64 - create IPUIPlugin
2020-12-17 00:09:28,549 [INFO] IPUIPlugin:64 - create IPUIPlugin
2020-12-17 00:09:28,549 [INFO] IPUIPlugin:64 - create IPUIPlugin
2020-12-17 00:09:28,550 [INFO] IPUIPlugin:64 - create IPUIPlugin
2020-12-17 00:09:28,550 [INFO] IPUIPlugin:64 - create IPUIPlugin
2020-12-17 00:09:28,550 [INFO] IPUIPlugin:64 - create IPUIPlugin
2020-12-17 00:09:28,550 [INFO] IPUIPlugin:64 - create IPUIPlugin
2020-12-17 00:09:28,550 [INFO] IPUIPlugin:64 - create IPUIPlugin
2020-12-17 00:09:28,550 [INFO] IPUIPlugin:64 - create IPUIPlugin
2020-12-17 00:09:28,551 [INFO] IPUIPlugin:64 - create IPUIPlugin
2020-12-17 00:09:28,580 [INFO] LogOutputStream:76 - [STDOUT_REDIRECT] toolchainItems.length=====1
2020-12-17 00:09:28,786 [INFO] OpenFileManager:294 - Restore cursor
2020-12-17 00:09:29,118 [INFO] UtilMem:74 - End SaveConfig() Used Memory: 569730352 Bytes (1073741824)
2020-12-17 00:09:29,158 [INFO] UtilMem:74 - End SaveConfig() Used Memory: 574450984 Bytes (1073741824)
2020-12-17 00:09:29,572 [INFO] BlockDiagram:2729 - set Specific Code input for plugin: NVIC
2020-12-17 00:09:29,572 [INFO] BlockDiagram:2729 - set Specific Code input for plugin: SYS
2020-12-17 00:09:29,572 [INFO] BlockDiagram:2729 - set Specific Code input for plugin: RCC
2020-12-17 00:09:29,573 [INFO] CodeGenerator:622 - code generatio: config db path: /Applications/STM32CubeIDE.app/Contents/Eclipse/plugins/com.st.stm32cube.common.mx_6.0.0.202007160824//db/
2020-12-17 00:09:29,800 [INFO] CodeEngine:188 - oldGeneratedFile, /Users/adityasehgal/Documents/GitHub/Learn_STM32/DMA_Byte_Replication/MXTmpFiles/license.tmp_save
2020-12-17 00:09:30,194 [INFO] CodeEngine:206 - Generated code: /Users/adityasehgal/Documents/GitHub/Learn_STM32/DMA_Byte_Replication/MXTmpFiles/license.tmp
2020-12-17 00:09:30,320 [INFO] CodeEngine:188 - oldGeneratedFile, /Users/adityasehgal/Documents/GitHub/Learn_STM32/DMA_Byte_Replication/Core/Src/stm32f4xx_it.c_save
2020-12-17 00:09:30,468 [INFO] CodeEngine:206 - Generated code: /Users/adityasehgal/Documents/GitHub/Learn_STM32/DMA_Byte_Replication/Core/Src/stm32f4xx_it.c
2020-12-17 00:09:30,473 [INFO] CodeEngine:188 - oldGeneratedFile, /Users/adityasehgal/Documents/GitHub/Learn_STM32/DMA_Byte_Replication/Core/Inc/stm32f4xx_it.h_save
2020-12-17 00:09:30,535 [INFO] CodeEngine:206 - Generated code: /Users/adityasehgal/Documents/GitHub/Learn_STM32/DMA_Byte_Replication/Core/Inc/stm32f4xx_it.h
2020-12-17 00:09:30,543 [INFO] CodeEngine:188 - oldGeneratedFile, /Users/adityasehgal/Documents/GitHub/Learn_STM32/DMA_Byte_Replication/Core/Src/stm32f4xx_hal_msp.c_save
2020-12-17 00:09:30,626 [INFO] CodeEngine:206 - Generated code: /Users/adityasehgal/Documents/GitHub/Learn_STM32/DMA_Byte_Replication/Core/Src/stm32f4xx_hal_msp.c
2020-12-17 00:09:30,630 [INFO] CodeEngine:188 - oldGeneratedFile, /Users/adityasehgal/Documents/GitHub/Learn_STM32/DMA_Byte_Replication/MXTmpFiles/system.tmp_save
2020-12-17 00:09:30,681 [INFO] CodeEngine:206 - Generated code: /Users/adityasehgal/Documents/GitHub/Learn_STM32/DMA_Byte_Replication/MXTmpFiles/system.tmp
2020-12-17 00:09:30,687 [INFO] CodeEngine:188 - oldGeneratedFile, /Users/adityasehgal/Documents/GitHub/Learn_STM32/DMA_Byte_Replication/Core/Inc/stm32f4xx_hal_conf.h_save
2020-12-17 00:09:30,754 [INFO] CodeEngine:206 - Generated code: /Users/adityasehgal/Documents/GitHub/Learn_STM32/DMA_Byte_Replication/Core/Inc/stm32f4xx_hal_conf.h
2020-12-17 00:09:30,789 [INFO] CodeEngine:188 - oldGeneratedFile, /Users/adityasehgal/Documents/GitHub/Learn_STM32/DMA_Byte_Replication/Core/Inc/main.h_save
2020-12-17 00:09:30,857 [INFO] CodeEngine:206 - Generated code: /Users/adityasehgal/Documents/GitHub/Learn_STM32/DMA_Byte_Replication/Core/Inc/main.h
2020-12-17 00:09:30,861 [INFO] CodeEngine:188 - oldGeneratedFile, /Users/adityasehgal/Documents/GitHub/Learn_STM32/DMA_Byte_Replication/Core/Src/main.c_save
2020-12-17 00:09:30,962 [INFO] CodeEngine:206 - Generated code: /Users/adityasehgal/Documents/GitHub/Learn_STM32/DMA_Byte_Replication/Core/Src/main.c
2020-12-17 00:09:31,821 [INFO] ProjectBuilder:2168 - Time for Copy HAL[1] : 163mS.
2020-12-17 00:09:31,828 [INFO] ProjectBuilder:2988 - Project Generator version: 3.10.0-B14
2020-12-17 00:09:32,234 [INFO] ConfigFileManager:1183 - The Die is : DIE433
2020-12-17 00:09:32,254 [INFO] ApiDbMcu:456 - Load IP Config File for FATFS
2020-12-17 00:09:32,264 [INFO] ApiDbMcu:456 - Load IP Config File for FREERTOS
2020-12-17 00:09:32,269 [INFO] ApiDbMcu:456 - Load IP Config File for LIBJPEG
2020-12-17 00:09:32,279 [INFO] ApiDbMcu:456 - Load IP Config File for MBEDTLS
2020-12-17 00:09:32,281 [INFO] ApiDbMcu:456 - Load IP Config File for PDM2PCM
2020-12-17 00:09:32,291 [INFO] ApiDbMcu:456 - Load IP Config File for USB_DEVICE
2020-12-17 00:09:32,298 [INFO] ApiDbMcu:456 - Load IP Config File for USB_HOST
2020-12-17 00:09:37,099 [ERROR] root:96 - SUCCESS
2020-12-17 00:09:37,129 [INFO] ProjectBuilder:3155 - Time for Generating toolchain IDE Files: 5301mS.
2020-12-17 00:09:37,129 [INFO] ProjectBuilder:2044 - Time for Copy CMSIS : 0mS.
2020-12-17 00:09:37,131 [INFO] ProjectBuilder:2044 - Time for Copy CMSIS : 0mS.
2020-12-17 00:09:37,368 [INFO] ApiDb:226 - Save user favorites file /Users/adityasehgal/.stm32cubeide/favorites.mcus.txt: 0 item(s)
2020-12-17 00:09:37,369 [INFO] ApiDb:230 - User favorites MCUs=[]
