01:32:09 **** Incremental Build of configuration Debug for project DMA_Byte_Replication ****
make -j7 all 
arm-none-eabi-gcc "../Core/Src/main.c" -mcpu=cortex-m4 -std=gnu11 -g3 -DUSE_HAL_DRIVER -DSTM32F401xE -DDEBUG -c -I../Core/Inc -I../Drivers/STM32F4xx_HAL_Driver/Inc -I../Drivers/STM32F4xx_HAL_Driver/Inc/Legacy -I../Drivers/CMSIS/Device/ST/STM32F4xx/Include -I../Drivers/CMSIS/Include -O0 -ffunction-sections -fdata-sections -Wall -fstack-usage -MMD -MP -MF"Core/Src/main.d" -MT"Core/Src/main.o" --specs=nano.specs -mfpu=fpv4-sp-d16 -mfloat-abi=hard -mthumb -o "Core/Src/main.o"
../Core/Src/main.c: In function 'main':
../Core/Src/main.c:75:27: warning: cast from pointer to integer of different size [-Wpointer-to-int-cast]
  HAL_DMA_Start_IT(&myDMA, (uint8_t)srcData, (uint8_t)dstData, sizeof(srcData));
                           ^
../Core/Src/main.c:75:45: warning: cast from pointer to integer of different size [-Wpointer-to-int-cast]
  HAL_DMA_Start_IT(&myDMA, (uint8_t)srcData, (uint8_t)dstData, sizeof(srcData));
                                             ^
arm-none-eabi-gcc -o "DMA_Byte_Replication.elf" @"objects.list"   -mcpu=cortex-m4 -T"/Users/adityasehgal/Documents/GitHub/Learn_STM32/DMA_Byte_Replication/STM32F401RETX_FLASH.ld" --specs=nosys.specs -Wl,-Map="DMA_Byte_Replication.map" -Wl,--gc-sections -static --specs=nano.specs -mfpu=fpv4-sp-d16 -mfloat-abi=hard -mthumb -Wl,--start-group -lc -lm -Wl,--end-group
Finished building target: DMA_Byte_Replication.elf
 
arm-none-eabi-objdump -h -S  DMA_Byte_Replication.elf  > "DMA_Byte_Replication.list"
arm-none-eabi-objcopy  -O binary  DMA_Byte_Replication.elf  "DMA_Byte_Replication.bin"
arm-none-eabi-size   DMA_Byte_Replication.elf 
   text	   data	    bss	    dec	    hex	filename
  12460	    120	   1752	  14332	   37fc	DMA_Byte_Replication.elf
Finished building: default.size.stdout
 
Finished building: DMA_Byte_Replication.bin
 
Finished building: DMA_Byte_Replication.list
 

01:32:10 Build Finished. 0 errors, 2 warnings. (took 802ms)

